commit 41f070edd54154ecb261e49fc73ca0d5b444e46e
Author: ushakirachapala <ushakiranchapala@gmail.com>
Date:   Sun Sep 23 17:28:01 2018 +0000

    final project

commit 8cf9de7966a90b39f9182dc4c35c420b7a6a8898
Author: ushakirachapala <ushakiranchapala@gmail.com>
Date:   Sun Sep 23 17:01:23 2018 +0000

    final backend

commit fd37552afd6dea42f0d403091e03abc2bca060cf
Author: ushakirachapala <ushakiranchapala@gmail.com>
Date:   Sun Sep 23 16:09:17 2018 +0000

    search matching

commit bceca05fb64a2e24ee22e5bc27867a0f81466805
Author: ushakirachapala <ushakiranchapala@gmail.com>
Date:   Sun Sep 23 15:44:04 2018 +0000

    search

commit 98fa2f8f71699dbb419970dd2bdaf65e9720a94e
Author: ushakirachapala <ushakiranchapala@gmail.com>
Date:   Sun Sep 23 13:41:23 2018 +0000

    backend

commit a9827a25197fbfef5efd5407c8b9343a33cea4ab
Author: ushakirachapala <ushakiranchapala@gmail.com>
Date:   Sun Sep 23 12:58:54 2018 +0000

    final changes

commit 131b9d702ce81d2817ed2bcde6e08d012ed0f81c
Author: ushakirachapala <ushakiranchapala@gmail.com>
Date:   Sun Sep 23 12:57:13 2018 +0000

    final changes

commit eef9ed494bbaf39735805a4f8de4a4cbecb1e576
Author: ushakirachapala <ushakiranchapala@gmail.com>
Date:   Sun Sep 23 12:46:47 2018 +0000

    final code

commit 5aae30e5c8761d7f56f52e345505b3872a1cb4ce
Author: ushakirachapala <ushakiranchapala@gmail.com>
Date:   Sun Sep 23 11:33:12 2018 +0000

    ip added

commit df13a2052c4e272d946212db245b9f91b8278ea5
Author: ushakirachapala <ushakiranchapala@gmail.com>
Date:   Sat Sep 1 21:42:22 2018 +0000

    final

commit adc3f191a711a36f56b0c432b1387ac2a98cf17f
Author: ushakirachapala <ushakiranchapala@gmail.com>
Date:   Sat Sep 1 21:33:03 2018 +0000

    ..

commit d4669850d1c549fbcda3308409548e566989bf90
Author: ushakirachapala <ushakiranchapala@gmail.com>
Date:   Sat Sep 1 20:01:14 2018 +0000

    vlan conf

commit bb532438056ce4538bedafdae3cb0140294b07de
Author: ushakirachapala <ushakiranchapala@gmail.com>
Date:   Sat Sep 1 17:48:11 2018 +0000

    dbinfo

commit fb96b0882aee82778f8e4369e17ea7b2e0d94ecc
Author: ushakirachapala <ushakiranchapala@gmail.com>
Date:   Sat Sep 1 16:11:45 2018 +0000

    db macs ports

commit 72bab122ad29e5e286521aa1936a987a3cf31f2b
Author: ushakirachapala <ushakiranchapala@gmail.com>
Date:   Thu Aug 30 18:26:20 2018 +0000

    probe test mac

commit f73c17f70a081f1ef4b4dc867e5875fd042f7d40
Author: ushakirachapala <ushakiranchapala@gmail.com>
Date:   Fri Jul 27 08:39:13 2018 +0000

    data base

commit 6dd48e0a3c135ec97230a88415b6650241f5a16b
Author: ushakirachapala <ushakiranchapala@gmail.com>
Date:   Sun Jul 22 20:22:02 2018 +0000

    devices data

commit 63586e1d0fe4e658e602dd2e7780417aee304b99
Author: ushakirachapala <ushakiranchapala@gmail.com>
Date:   Sun Jul 15 21:45:43 2018 +0000

    rest api test

commit 674bb62c8db2b78bd59d5cfff73d35e4e174e203
Author: ushakirachapala <ushakiranchapala@gmail.com>
Date:   Sun Jul 8 20:02:02 2018 +0000

    db

commit 5ad89b22871037473300afd4c1b997f035d525b1
Author: ushakirachapala <ushakiranchapala@gmail.com>
Date:   Sun Jul 1 21:55:28 2018 +0000

    first code commit
